{"/Users/takeshi/Documents/Manta/mocha.conf.js":{"path":"/Users/takeshi/Documents/Manta/mocha.conf.js","s":{"1":1,"2":1,"3":1,"4":1,"5":1,"6":1,"7":1,"8":1,"9":1},"b":{},"f":{},"fnMap":{},"statementMap":{"1":{"start":{"line":4,"column":0},"end":{"line":4,"column":31}},"2":{"start":{"line":6,"column":0},"end":{"line":6,"column":27}},"3":{"start":{"line":9,"column":0},"end":{"line":9,"column":28}},"4":{"start":{"line":10,"column":0},"end":{"line":10,"column":28}},"5":{"start":{"line":11,"column":0},"end":{"line":11,"column":14}},"6":{"start":{"line":14,"column":0},"end":{"line":14,"column":32}},"7":{"start":{"line":17,"column":0},"end":{"line":17,"column":32}},"8":{"start":{"line":18,"column":0},"end":{"line":18,"column":38}},"9":{"start":{"line":19,"column":0},"end":{"line":19,"column":32}}},"branchMap":{}},"/Users/takeshi/Documents/Manta/server/api/account/index.js":{"path":"/Users/takeshi/Documents/Manta/server/api/account/index.js","s":{"1":1,"2":1,"3":1,"4":1,"5":1,"6":1,"7":1,"8":1,"9":1,"10":1},"b":{},"f":{},"fnMap":{},"statementMap":{"1":{"start":{"line":3,"column":0},"end":{"line":3,"column":33}},"2":{"start":{"line":4,"column":0},"end":{"line":4,"column":49}},"3":{"start":{"line":6,"column":0},"end":{"line":6,"column":30}},"4":{"start":{"line":8,"column":0},"end":{"line":8,"column":34}},"5":{"start":{"line":9,"column":0},"end":{"line":9,"column":36}},"6":{"start":{"line":10,"column":0},"end":{"line":10,"column":36}},"7":{"start":{"line":11,"column":0},"end":{"line":11,"column":38}},"8":{"start":{"line":12,"column":0},"end":{"line":12,"column":40}},"9":{"start":{"line":13,"column":0},"end":{"line":13,"column":45}},"10":{"start":{"line":15,"column":0},"end":{"line":15,"column":24}}},"branchMap":{}},"/Users/takeshi/Documents/Manta/server/api/account/account.controller.js":{"path":"/Users/takeshi/Documents/Manta/server/api/account/account.controller.js","s":{"1":1,"2":1,"3":1,"4":0,"5":0,"6":0,"7":1,"8":0,"9":0,"10":0,"11":0,"12":1,"13":0,"14":0,"15":0,"16":0,"17":0,"18":1,"19":0,"20":0,"21":0,"22":0,"23":1,"24":0,"25":0,"26":0,"27":0,"28":1,"29":0,"30":1,"31":0,"32":1,"33":0,"34":1,"35":0,"36":0,"37":0,"38":1,"39":0},"b":{"1":[0,0],"2":[0,0],"3":[0,0],"4":[0,0],"5":[0,0],"6":[0,0]},"f":{"1":0,"2":0,"3":0,"4":0,"5":0,"6":0,"7":0,"8":0,"9":0,"10":0,"11":0,"12":0,"13":0,"14":0,"15":0,"16":0,"17":0},"fnMap":{"1":{"name":"handleError","line":15,"loc":{"start":{"line":15,"column":0},"end":{"line":15,"column":38}}},"2":{"name":"(anonymous_2)","line":17,"loc":{"start":{"line":17,"column":9},"end":{"line":17,"column":24}}},"3":{"name":"responseWithResult","line":22,"loc":{"start":{"line":22,"column":0},"end":{"line":22,"column":45}}},"4":{"name":"(anonymous_4)","line":24,"loc":{"start":{"line":24,"column":9},"end":{"line":24,"column":27}}},"5":{"name":"handleEntityNotFound","line":31,"loc":{"start":{"line":31,"column":0},"end":{"line":31,"column":35}}},"6":{"name":"(anonymous_6)","line":32,"loc":{"start":{"line":32,"column":9},"end":{"line":32,"column":27}}},"7":{"name":"saveUpdates","line":41,"loc":{"start":{"line":41,"column":0},"end":{"line":41,"column":30}}},"8":{"name":"(anonymous_8)","line":42,"loc":{"start":{"line":42,"column":9},"end":{"line":42,"column":27}}},"9":{"name":"(anonymous_9)","line":44,"loc":{"start":{"line":44,"column":38},"end":{"line":44,"column":57}}},"10":{"name":"removeEntity","line":50,"loc":{"start":{"line":50,"column":0},"end":{"line":50,"column":27}}},"11":{"name":"(anonymous_11)","line":51,"loc":{"start":{"line":51,"column":9},"end":{"line":51,"column":27}}},"12":{"name":"(anonymous_12)","line":53,"loc":{"start":{"line":53,"column":39},"end":{"line":53,"column":51}}},"13":{"name":"(anonymous_13)","line":61,"loc":{"start":{"line":61,"column":16},"end":{"line":61,"column":36}}},"14":{"name":"(anonymous_14)","line":66,"loc":{"start":{"line":66,"column":15},"end":{"line":66,"column":35}}},"15":{"name":"(anonymous_15)","line":71,"loc":{"start":{"line":71,"column":17},"end":{"line":71,"column":37}}},"16":{"name":"(anonymous_16)","line":76,"loc":{"start":{"line":76,"column":17},"end":{"line":76,"column":37}}},"17":{"name":"(anonymous_17)","line":84,"loc":{"start":{"line":84,"column":18},"end":{"line":84,"column":38}}}},"statementMap":{"1":{"start":{"line":12,"column":0},"end":{"line":12,"column":26}},"2":{"start":{"line":13,"column":0},"end":{"line":13,"column":41}},"3":{"start":{"line":15,"column":0},"end":{"line":20,"column":1}},"4":{"start":{"line":16,"column":2},"end":{"line":16,"column":33}},"5":{"start":{"line":17,"column":2},"end":{"line":19,"column":4}},"6":{"start":{"line":18,"column":4},"end":{"line":18,"column":37}},"7":{"start":{"line":22,"column":0},"end":{"line":29,"column":1}},"8":{"start":{"line":23,"column":2},"end":{"line":23,"column":33}},"9":{"start":{"line":24,"column":2},"end":{"line":28,"column":4}},"10":{"start":{"line":25,"column":4},"end":{"line":27,"column":5}},"11":{"start":{"line":26,"column":6},"end":{"line":26,"column":42}},"12":{"start":{"line":31,"column":0},"end":{"line":39,"column":1}},"13":{"start":{"line":32,"column":2},"end":{"line":38,"column":4}},"14":{"start":{"line":33,"column":4},"end":{"line":36,"column":5}},"15":{"start":{"line":34,"column":6},"end":{"line":34,"column":28}},"16":{"start":{"line":35,"column":6},"end":{"line":35,"column":18}},"17":{"start":{"line":37,"column":4},"end":{"line":37,"column":18}},"18":{"start":{"line":41,"column":0},"end":{"line":48,"column":1}},"19":{"start":{"line":42,"column":2},"end":{"line":47,"column":4}},"20":{"start":{"line":43,"column":4},"end":{"line":43,"column":43}},"21":{"start":{"line":44,"column":4},"end":{"line":46,"column":7}},"22":{"start":{"line":45,"column":6},"end":{"line":45,"column":21}},"23":{"start":{"line":50,"column":0},"end":{"line":58,"column":1}},"24":{"start":{"line":51,"column":2},"end":{"line":57,"column":4}},"25":{"start":{"line":52,"column":4},"end":{"line":56,"column":5}},"26":{"start":{"line":53,"column":6},"end":{"line":55,"column":9}},"27":{"start":{"line":54,"column":8},"end":{"line":54,"column":30}},"28":{"start":{"line":61,"column":0},"end":{"line":63,"column":2}},"29":{"start":{"line":62,"column":2},"end":{"line":62,"column":79}},"30":{"start":{"line":66,"column":0},"end":{"line":68,"column":2}},"31":{"start":{"line":67,"column":2},"end":{"line":67,"column":128}},"32":{"start":{"line":71,"column":0},"end":{"line":73,"column":2}},"33":{"start":{"line":72,"column":2},"end":{"line":72,"column":94}},"34":{"start":{"line":76,"column":0},"end":{"line":81,"column":2}},"35":{"start":{"line":77,"column":2},"end":{"line":79,"column":3}},"36":{"start":{"line":78,"column":4},"end":{"line":78,"column":24}},"37":{"start":{"line":80,"column":2},"end":{"line":80,"column":156}},"38":{"start":{"line":84,"column":0},"end":{"line":86,"column":2}},"39":{"start":{"line":85,"column":2},"end":{"line":85,"column":122}}},"branchMap":{"1":{"line":16,"type":"binary-expr","locations":[{"start":{"line":16,"column":15},"end":{"line":16,"column":25}},{"start":{"line":16,"column":29},"end":{"line":16,"column":32}}]},"2":{"line":23,"type":"binary-expr","locations":[{"start":{"line":23,"column":15},"end":{"line":23,"column":25}},{"start":{"line":23,"column":29},"end":{"line":23,"column":32}}]},"3":{"line":25,"type":"if","locations":[{"start":{"line":25,"column":4},"end":{"line":25,"column":4}},{"start":{"line":25,"column":4},"end":{"line":25,"column":4}}]},"4":{"line":33,"type":"if","locations":[{"start":{"line":33,"column":4},"end":{"line":33,"column":4}},{"start":{"line":33,"column":4},"end":{"line":33,"column":4}}]},"5":{"line":52,"type":"if","locations":[{"start":{"line":52,"column":4},"end":{"line":52,"column":4}},{"start":{"line":52,"column":4},"end":{"line":52,"column":4}}]},"6":{"line":77,"type":"if","locations":[{"start":{"line":77,"column":2},"end":{"line":77,"column":2}},{"start":{"line":77,"column":2},"end":{"line":77,"column":2}}]}}},"/Users/takeshi/Documents/Manta/server/api/account/account.model.js":{"path":"/Users/takeshi/Documents/Manta/server/api/account/account.model.js","s":{"1":1,"2":1,"3":1,"4":1},"b":{},"f":{},"fnMap":{},"statementMap":{"1":{"start":{"line":3,"column":0},"end":{"line":3,"column":69}},"2":{"start":{"line":4,"column":0},"end":{"line":4,"column":29}},"3":{"start":{"line":6,"column":0},"end":{"line":8,"column":3}},"4":{"start":{"line":12,"column":0},"end":{"line":12,"column":58}}},"branchMap":{}},"/Users/takeshi/Documents/Manta/server/api/thing/index.js":{"path":"/Users/takeshi/Documents/Manta/server/api/thing/index.js","s":{"1":1,"2":1,"3":1,"4":1,"5":1,"6":1,"7":1,"8":1,"9":1,"10":1},"b":{},"f":{},"fnMap":{},"statementMap":{"1":{"start":{"line":3,"column":0},"end":{"line":3,"column":33}},"2":{"start":{"line":4,"column":0},"end":{"line":4,"column":47}},"3":{"start":{"line":6,"column":0},"end":{"line":6,"column":30}},"4":{"start":{"line":8,"column":0},"end":{"line":8,"column":34}},"5":{"start":{"line":9,"column":0},"end":{"line":9,"column":36}},"6":{"start":{"line":10,"column":0},"end":{"line":10,"column":36}},"7":{"start":{"line":11,"column":0},"end":{"line":11,"column":38}},"8":{"start":{"line":12,"column":0},"end":{"line":12,"column":40}},"9":{"start":{"line":13,"column":0},"end":{"line":13,"column":45}},"10":{"start":{"line":15,"column":0},"end":{"line":15,"column":24}}},"branchMap":{}},"/Users/takeshi/Documents/Manta/server/api/thing/thing.controller.js":{"path":"/Users/takeshi/Documents/Manta/server/api/thing/thing.controller.js","s":{"1":1,"2":1,"3":1,"4":0,"5":0,"6":0,"7":1,"8":0,"9":0,"10":0,"11":0,"12":1,"13":0,"14":0,"15":0,"16":0,"17":0,"18":1,"19":0,"20":0,"21":0,"22":0,"23":1,"24":0,"25":0,"26":0,"27":0,"28":1,"29":0,"30":1,"31":0,"32":1,"33":0,"34":1,"35":0,"36":0,"37":0,"38":1,"39":0},"b":{"1":[0,0],"2":[0,0],"3":[0,0],"4":[0,0],"5":[0,0],"6":[0,0]},"f":{"1":0,"2":0,"3":0,"4":0,"5":0,"6":0,"7":0,"8":0,"9":0,"10":0,"11":0,"12":0,"13":0,"14":0,"15":0,"16":0,"17":0},"fnMap":{"1":{"name":"handleError","line":15,"loc":{"start":{"line":15,"column":0},"end":{"line":15,"column":38}}},"2":{"name":"(anonymous_2)","line":17,"loc":{"start":{"line":17,"column":9},"end":{"line":17,"column":24}}},"3":{"name":"responseWithResult","line":22,"loc":{"start":{"line":22,"column":0},"end":{"line":22,"column":45}}},"4":{"name":"(anonymous_4)","line":24,"loc":{"start":{"line":24,"column":9},"end":{"line":24,"column":27}}},"5":{"name":"handleEntityNotFound","line":31,"loc":{"start":{"line":31,"column":0},"end":{"line":31,"column":35}}},"6":{"name":"(anonymous_6)","line":32,"loc":{"start":{"line":32,"column":9},"end":{"line":32,"column":27}}},"7":{"name":"saveUpdates","line":41,"loc":{"start":{"line":41,"column":0},"end":{"line":41,"column":30}}},"8":{"name":"(anonymous_8)","line":42,"loc":{"start":{"line":42,"column":9},"end":{"line":42,"column":27}}},"9":{"name":"(anonymous_9)","line":44,"loc":{"start":{"line":44,"column":38},"end":{"line":44,"column":57}}},"10":{"name":"removeEntity","line":50,"loc":{"start":{"line":50,"column":0},"end":{"line":50,"column":27}}},"11":{"name":"(anonymous_11)","line":51,"loc":{"start":{"line":51,"column":9},"end":{"line":51,"column":27}}},"12":{"name":"(anonymous_12)","line":53,"loc":{"start":{"line":53,"column":39},"end":{"line":53,"column":51}}},"13":{"name":"(anonymous_13)","line":61,"loc":{"start":{"line":61,"column":16},"end":{"line":61,"column":36}}},"14":{"name":"(anonymous_14)","line":66,"loc":{"start":{"line":66,"column":15},"end":{"line":66,"column":35}}},"15":{"name":"(anonymous_15)","line":71,"loc":{"start":{"line":71,"column":17},"end":{"line":71,"column":37}}},"16":{"name":"(anonymous_16)","line":76,"loc":{"start":{"line":76,"column":17},"end":{"line":76,"column":37}}},"17":{"name":"(anonymous_17)","line":84,"loc":{"start":{"line":84,"column":18},"end":{"line":84,"column":38}}}},"statementMap":{"1":{"start":{"line":12,"column":0},"end":{"line":12,"column":26}},"2":{"start":{"line":13,"column":0},"end":{"line":13,"column":37}},"3":{"start":{"line":15,"column":0},"end":{"line":20,"column":1}},"4":{"start":{"line":16,"column":2},"end":{"line":16,"column":33}},"5":{"start":{"line":17,"column":2},"end":{"line":19,"column":4}},"6":{"start":{"line":18,"column":4},"end":{"line":18,"column":37}},"7":{"start":{"line":22,"column":0},"end":{"line":29,"column":1}},"8":{"start":{"line":23,"column":2},"end":{"line":23,"column":33}},"9":{"start":{"line":24,"column":2},"end":{"line":28,"column":4}},"10":{"start":{"line":25,"column":4},"end":{"line":27,"column":5}},"11":{"start":{"line":26,"column":6},"end":{"line":26,"column":42}},"12":{"start":{"line":31,"column":0},"end":{"line":39,"column":1}},"13":{"start":{"line":32,"column":2},"end":{"line":38,"column":4}},"14":{"start":{"line":33,"column":4},"end":{"line":36,"column":5}},"15":{"start":{"line":34,"column":6},"end":{"line":34,"column":28}},"16":{"start":{"line":35,"column":6},"end":{"line":35,"column":18}},"17":{"start":{"line":37,"column":4},"end":{"line":37,"column":18}},"18":{"start":{"line":41,"column":0},"end":{"line":48,"column":1}},"19":{"start":{"line":42,"column":2},"end":{"line":47,"column":4}},"20":{"start":{"line":43,"column":4},"end":{"line":43,"column":43}},"21":{"start":{"line":44,"column":4},"end":{"line":46,"column":7}},"22":{"start":{"line":45,"column":6},"end":{"line":45,"column":21}},"23":{"start":{"line":50,"column":0},"end":{"line":58,"column":1}},"24":{"start":{"line":51,"column":2},"end":{"line":57,"column":4}},"25":{"start":{"line":52,"column":4},"end":{"line":56,"column":5}},"26":{"start":{"line":53,"column":6},"end":{"line":55,"column":9}},"27":{"start":{"line":54,"column":8},"end":{"line":54,"column":30}},"28":{"start":{"line":61,"column":0},"end":{"line":63,"column":2}},"29":{"start":{"line":62,"column":2},"end":{"line":62,"column":77}},"30":{"start":{"line":66,"column":0},"end":{"line":68,"column":2}},"31":{"start":{"line":67,"column":2},"end":{"line":67,"column":126}},"32":{"start":{"line":71,"column":0},"end":{"line":73,"column":2}},"33":{"start":{"line":72,"column":2},"end":{"line":72,"column":92}},"34":{"start":{"line":76,"column":0},"end":{"line":81,"column":2}},"35":{"start":{"line":77,"column":2},"end":{"line":79,"column":3}},"36":{"start":{"line":78,"column":4},"end":{"line":78,"column":24}},"37":{"start":{"line":80,"column":2},"end":{"line":80,"column":154}},"38":{"start":{"line":84,"column":0},"end":{"line":86,"column":2}},"39":{"start":{"line":85,"column":2},"end":{"line":85,"column":120}}},"branchMap":{"1":{"line":16,"type":"binary-expr","locations":[{"start":{"line":16,"column":15},"end":{"line":16,"column":25}},{"start":{"line":16,"column":29},"end":{"line":16,"column":32}}]},"2":{"line":23,"type":"binary-expr","locations":[{"start":{"line":23,"column":15},"end":{"line":23,"column":25}},{"start":{"line":23,"column":29},"end":{"line":23,"column":32}}]},"3":{"line":25,"type":"if","locations":[{"start":{"line":25,"column":4},"end":{"line":25,"column":4}},{"start":{"line":25,"column":4},"end":{"line":25,"column":4}}]},"4":{"line":33,"type":"if","locations":[{"start":{"line":33,"column":4},"end":{"line":33,"column":4}},{"start":{"line":33,"column":4},"end":{"line":33,"column":4}}]},"5":{"line":52,"type":"if","locations":[{"start":{"line":52,"column":4},"end":{"line":52,"column":4}},{"start":{"line":52,"column":4},"end":{"line":52,"column":4}}]},"6":{"line":77,"type":"if","locations":[{"start":{"line":77,"column":2},"end":{"line":77,"column":2}},{"start":{"line":77,"column":2},"end":{"line":77,"column":2}}]}}},"/Users/takeshi/Documents/Manta/server/api/thing/thing.model.js":{"path":"/Users/takeshi/Documents/Manta/server/api/thing/thing.model.js","s":{"1":1,"2":1,"3":1,"4":1},"b":{},"f":{},"fnMap":{},"statementMap":{"1":{"start":{"line":3,"column":0},"end":{"line":3,"column":69}},"2":{"start":{"line":4,"column":0},"end":{"line":4,"column":29}},"3":{"start":{"line":6,"column":0},"end":{"line":10,"column":3}},"4":{"start":{"line":12,"column":0},"end":{"line":12,"column":54}}},"branchMap":{}},"/Users/takeshi/Documents/Manta/server/api/ticket/index.js":{"path":"/Users/takeshi/Documents/Manta/server/api/ticket/index.js","s":{"1":1,"2":1,"3":1,"4":1,"5":1,"6":1,"7":1,"8":1,"9":1,"10":1},"b":{},"f":{},"fnMap":{},"statementMap":{"1":{"start":{"line":3,"column":0},"end":{"line":3,"column":33}},"2":{"start":{"line":4,"column":0},"end":{"line":4,"column":48}},"3":{"start":{"line":6,"column":0},"end":{"line":6,"column":30}},"4":{"start":{"line":8,"column":0},"end":{"line":8,"column":34}},"5":{"start":{"line":9,"column":0},"end":{"line":9,"column":36}},"6":{"start":{"line":10,"column":0},"end":{"line":10,"column":36}},"7":{"start":{"line":11,"column":0},"end":{"line":11,"column":38}},"8":{"start":{"line":12,"column":0},"end":{"line":12,"column":40}},"9":{"start":{"line":13,"column":0},"end":{"line":13,"column":45}},"10":{"start":{"line":15,"column":0},"end":{"line":15,"column":24}}},"branchMap":{}},"/Users/takeshi/Documents/Manta/server/api/ticket/ticket.controller.js":{"path":"/Users/takeshi/Documents/Manta/server/api/ticket/ticket.controller.js","s":{"1":1,"2":1,"3":1,"4":0,"5":0,"6":0,"7":1,"8":0,"9":0,"10":0,"11":0,"12":1,"13":0,"14":0,"15":0,"16":0,"17":0,"18":1,"19":0,"20":0,"21":0,"22":0,"23":1,"24":0,"25":0,"26":0,"27":0,"28":1,"29":0,"30":1,"31":0,"32":1,"33":0,"34":1,"35":0,"36":0,"37":0,"38":1,"39":0},"b":{"1":[0,0],"2":[0,0],"3":[0,0],"4":[0,0],"5":[0,0],"6":[0,0]},"f":{"1":0,"2":0,"3":0,"4":0,"5":0,"6":0,"7":0,"8":0,"9":0,"10":0,"11":0,"12":0,"13":0,"14":0,"15":0,"16":0,"17":0},"fnMap":{"1":{"name":"handleError","line":15,"loc":{"start":{"line":15,"column":0},"end":{"line":15,"column":38}}},"2":{"name":"(anonymous_2)","line":17,"loc":{"start":{"line":17,"column":9},"end":{"line":17,"column":24}}},"3":{"name":"responseWithResult","line":22,"loc":{"start":{"line":22,"column":0},"end":{"line":22,"column":45}}},"4":{"name":"(anonymous_4)","line":24,"loc":{"start":{"line":24,"column":9},"end":{"line":24,"column":27}}},"5":{"name":"handleEntityNotFound","line":31,"loc":{"start":{"line":31,"column":0},"end":{"line":31,"column":35}}},"6":{"name":"(anonymous_6)","line":32,"loc":{"start":{"line":32,"column":9},"end":{"line":32,"column":27}}},"7":{"name":"saveUpdates","line":41,"loc":{"start":{"line":41,"column":0},"end":{"line":41,"column":30}}},"8":{"name":"(anonymous_8)","line":42,"loc":{"start":{"line":42,"column":9},"end":{"line":42,"column":27}}},"9":{"name":"(anonymous_9)","line":44,"loc":{"start":{"line":44,"column":38},"end":{"line":44,"column":57}}},"10":{"name":"removeEntity","line":50,"loc":{"start":{"line":50,"column":0},"end":{"line":50,"column":27}}},"11":{"name":"(anonymous_11)","line":51,"loc":{"start":{"line":51,"column":9},"end":{"line":51,"column":27}}},"12":{"name":"(anonymous_12)","line":53,"loc":{"start":{"line":53,"column":39},"end":{"line":53,"column":51}}},"13":{"name":"(anonymous_13)","line":61,"loc":{"start":{"line":61,"column":16},"end":{"line":61,"column":36}}},"14":{"name":"(anonymous_14)","line":66,"loc":{"start":{"line":66,"column":15},"end":{"line":66,"column":35}}},"15":{"name":"(anonymous_15)","line":71,"loc":{"start":{"line":71,"column":17},"end":{"line":71,"column":37}}},"16":{"name":"(anonymous_16)","line":76,"loc":{"start":{"line":76,"column":17},"end":{"line":76,"column":37}}},"17":{"name":"(anonymous_17)","line":84,"loc":{"start":{"line":84,"column":18},"end":{"line":84,"column":38}}}},"statementMap":{"1":{"start":{"line":12,"column":0},"end":{"line":12,"column":26}},"2":{"start":{"line":13,"column":0},"end":{"line":13,"column":39}},"3":{"start":{"line":15,"column":0},"end":{"line":20,"column":1}},"4":{"start":{"line":16,"column":2},"end":{"line":16,"column":33}},"5":{"start":{"line":17,"column":2},"end":{"line":19,"column":4}},"6":{"start":{"line":18,"column":4},"end":{"line":18,"column":37}},"7":{"start":{"line":22,"column":0},"end":{"line":29,"column":1}},"8":{"start":{"line":23,"column":2},"end":{"line":23,"column":33}},"9":{"start":{"line":24,"column":2},"end":{"line":28,"column":4}},"10":{"start":{"line":25,"column":4},"end":{"line":27,"column":5}},"11":{"start":{"line":26,"column":6},"end":{"line":26,"column":42}},"12":{"start":{"line":31,"column":0},"end":{"line":39,"column":1}},"13":{"start":{"line":32,"column":2},"end":{"line":38,"column":4}},"14":{"start":{"line":33,"column":4},"end":{"line":36,"column":5}},"15":{"start":{"line":34,"column":6},"end":{"line":34,"column":28}},"16":{"start":{"line":35,"column":6},"end":{"line":35,"column":18}},"17":{"start":{"line":37,"column":4},"end":{"line":37,"column":18}},"18":{"start":{"line":41,"column":0},"end":{"line":48,"column":1}},"19":{"start":{"line":42,"column":2},"end":{"line":47,"column":4}},"20":{"start":{"line":43,"column":4},"end":{"line":43,"column":43}},"21":{"start":{"line":44,"column":4},"end":{"line":46,"column":7}},"22":{"start":{"line":45,"column":6},"end":{"line":45,"column":21}},"23":{"start":{"line":50,"column":0},"end":{"line":58,"column":1}},"24":{"start":{"line":51,"column":2},"end":{"line":57,"column":4}},"25":{"start":{"line":52,"column":4},"end":{"line":56,"column":5}},"26":{"start":{"line":53,"column":6},"end":{"line":55,"column":9}},"27":{"start":{"line":54,"column":8},"end":{"line":54,"column":30}},"28":{"start":{"line":61,"column":0},"end":{"line":63,"column":2}},"29":{"start":{"line":62,"column":2},"end":{"line":62,"column":78}},"30":{"start":{"line":66,"column":0},"end":{"line":68,"column":2}},"31":{"start":{"line":67,"column":2},"end":{"line":67,"column":127}},"32":{"start":{"line":71,"column":0},"end":{"line":73,"column":2}},"33":{"start":{"line":72,"column":2},"end":{"line":72,"column":93}},"34":{"start":{"line":76,"column":0},"end":{"line":81,"column":2}},"35":{"start":{"line":77,"column":2},"end":{"line":79,"column":3}},"36":{"start":{"line":78,"column":4},"end":{"line":78,"column":24}},"37":{"start":{"line":80,"column":2},"end":{"line":80,"column":155}},"38":{"start":{"line":84,"column":0},"end":{"line":86,"column":2}},"39":{"start":{"line":85,"column":2},"end":{"line":85,"column":121}}},"branchMap":{"1":{"line":16,"type":"binary-expr","locations":[{"start":{"line":16,"column":15},"end":{"line":16,"column":25}},{"start":{"line":16,"column":29},"end":{"line":16,"column":32}}]},"2":{"line":23,"type":"binary-expr","locations":[{"start":{"line":23,"column":15},"end":{"line":23,"column":25}},{"start":{"line":23,"column":29},"end":{"line":23,"column":32}}]},"3":{"line":25,"type":"if","locations":[{"start":{"line":25,"column":4},"end":{"line":25,"column":4}},{"start":{"line":25,"column":4},"end":{"line":25,"column":4}}]},"4":{"line":33,"type":"if","locations":[{"start":{"line":33,"column":4},"end":{"line":33,"column":4}},{"start":{"line":33,"column":4},"end":{"line":33,"column":4}}]},"5":{"line":52,"type":"if","locations":[{"start":{"line":52,"column":4},"end":{"line":52,"column":4}},{"start":{"line":52,"column":4},"end":{"line":52,"column":4}}]},"6":{"line":77,"type":"if","locations":[{"start":{"line":77,"column":2},"end":{"line":77,"column":2}},{"start":{"line":77,"column":2},"end":{"line":77,"column":2}}]}}},"/Users/takeshi/Documents/Manta/server/api/ticket/ticket.model.js":{"path":"/Users/takeshi/Documents/Manta/server/api/ticket/ticket.model.js","s":{"1":1,"2":1,"3":1,"4":1},"b":{},"f":{},"fnMap":{},"statementMap":{"1":{"start":{"line":3,"column":0},"end":{"line":3,"column":69}},"2":{"start":{"line":4,"column":0},"end":{"line":4,"column":29}},"3":{"start":{"line":6,"column":0},"end":{"line":10,"column":3}},"4":{"start":{"line":12,"column":0},"end":{"line":12,"column":56}}},"branchMap":{}}}