TN:
SF:/Users/takeshi/Documents/Manta/mocha.conf.js
FNF:0
FNH:0
DA:4,1
DA:6,1
DA:9,1
DA:10,1
DA:11,1
DA:14,1
DA:17,1
DA:18,1
DA:19,1
LF:9
LH:9
BRF:0
BRH:0
end_of_record
TN:
SF:/Users/takeshi/Documents/Manta/server/api/account/index.js
FNF:0
FNH:0
DA:3,1
DA:4,1
DA:6,1
DA:8,1
DA:9,1
DA:10,1
DA:11,1
DA:12,1
DA:13,1
DA:15,1
LF:10
LH:10
BRF:0
BRH:0
end_of_record
TN:
SF:/Users/takeshi/Documents/Manta/server/api/account/account.controller.js
FN:15,handleError
FN:17,(anonymous_2)
FN:22,responseWithResult
FN:24,(anonymous_4)
FN:31,handleEntityNotFound
FN:32,(anonymous_6)
FN:41,saveUpdates
FN:42,(anonymous_8)
FN:44,(anonymous_9)
FN:50,removeEntity
FN:51,(anonymous_11)
FN:53,(anonymous_12)
FN:61,(anonymous_13)
FN:66,(anonymous_14)
FN:71,(anonymous_15)
FN:76,(anonymous_16)
FN:84,(anonymous_17)
FNF:17
FNH:0
FNDA:0,handleError
FNDA:0,(anonymous_2)
FNDA:0,responseWithResult
FNDA:0,(anonymous_4)
FNDA:0,handleEntityNotFound
FNDA:0,(anonymous_6)
FNDA:0,saveUpdates
FNDA:0,(anonymous_8)
FNDA:0,(anonymous_9)
FNDA:0,removeEntity
FNDA:0,(anonymous_11)
FNDA:0,(anonymous_12)
FNDA:0,(anonymous_13)
FNDA:0,(anonymous_14)
FNDA:0,(anonymous_15)
FNDA:0,(anonymous_16)
FNDA:0,(anonymous_17)
DA:12,1
DA:13,1
DA:15,1
DA:16,0
DA:17,0
DA:18,0
DA:22,1
DA:23,0
DA:24,0
DA:25,0
DA:26,0
DA:31,1
DA:32,0
DA:33,0
DA:34,0
DA:35,0
DA:37,0
DA:41,1
DA:42,0
DA:43,0
DA:44,0
DA:45,0
DA:50,1
DA:51,0
DA:52,0
DA:53,0
DA:54,0
DA:61,1
DA:62,0
DA:66,1
DA:67,0
DA:71,1
DA:72,0
DA:76,1
DA:77,0
DA:78,0
DA:80,0
DA:84,1
DA:85,0
LF:39
LH:12
BRDA:16,1,0,0
BRDA:16,1,1,0
BRDA:23,2,0,0
BRDA:23,2,1,0
BRDA:25,3,0,0
BRDA:25,3,1,0
BRDA:33,4,0,0
BRDA:33,4,1,0
BRDA:52,5,0,0
BRDA:52,5,1,0
BRDA:77,6,0,0
BRDA:77,6,1,0
BRF:12
BRH:0
end_of_record
TN:
SF:/Users/takeshi/Documents/Manta/server/api/account/account.model.js
FNF:0
FNH:0
DA:3,1
DA:4,1
DA:6,1
DA:12,1
LF:4
LH:4
BRF:0
BRH:0
end_of_record
TN:
SF:/Users/takeshi/Documents/Manta/server/api/thing/index.js
FNF:0
FNH:0
DA:3,1
DA:4,1
DA:6,1
DA:8,1
DA:9,1
DA:10,1
DA:11,1
DA:12,1
DA:13,1
DA:15,1
LF:10
LH:10
BRF:0
BRH:0
end_of_record
TN:
SF:/Users/takeshi/Documents/Manta/server/api/thing/thing.controller.js
FN:15,handleError
FN:17,(anonymous_2)
FN:22,responseWithResult
FN:24,(anonymous_4)
FN:31,handleEntityNotFound
FN:32,(anonymous_6)
FN:41,saveUpdates
FN:42,(anonymous_8)
FN:44,(anonymous_9)
FN:50,removeEntity
FN:51,(anonymous_11)
FN:53,(anonymous_12)
FN:61,(anonymous_13)
FN:66,(anonymous_14)
FN:71,(anonymous_15)
FN:76,(anonymous_16)
FN:84,(anonymous_17)
FNF:17
FNH:0
FNDA:0,handleError
FNDA:0,(anonymous_2)
FNDA:0,responseWithResult
FNDA:0,(anonymous_4)
FNDA:0,handleEntityNotFound
FNDA:0,(anonymous_6)
FNDA:0,saveUpdates
FNDA:0,(anonymous_8)
FNDA:0,(anonymous_9)
FNDA:0,removeEntity
FNDA:0,(anonymous_11)
FNDA:0,(anonymous_12)
FNDA:0,(anonymous_13)
FNDA:0,(anonymous_14)
FNDA:0,(anonymous_15)
FNDA:0,(anonymous_16)
FNDA:0,(anonymous_17)
DA:12,1
DA:13,1
DA:15,1
DA:16,0
DA:17,0
DA:18,0
DA:22,1
DA:23,0
DA:24,0
DA:25,0
DA:26,0
DA:31,1
DA:32,0
DA:33,0
DA:34,0
DA:35,0
DA:37,0
DA:41,1
DA:42,0
DA:43,0
DA:44,0
DA:45,0
DA:50,1
DA:51,0
DA:52,0
DA:53,0
DA:54,0
DA:61,1
DA:62,0
DA:66,1
DA:67,0
DA:71,1
DA:72,0
DA:76,1
DA:77,0
DA:78,0
DA:80,0
DA:84,1
DA:85,0
LF:39
LH:12
BRDA:16,1,0,0
BRDA:16,1,1,0
BRDA:23,2,0,0
BRDA:23,2,1,0
BRDA:25,3,0,0
BRDA:25,3,1,0
BRDA:33,4,0,0
BRDA:33,4,1,0
BRDA:52,5,0,0
BRDA:52,5,1,0
BRDA:77,6,0,0
BRDA:77,6,1,0
BRF:12
BRH:0
end_of_record
TN:
SF:/Users/takeshi/Documents/Manta/server/api/thing/thing.model.js
FNF:0
FNH:0
DA:3,1
DA:4,1
DA:6,1
DA:12,1
LF:4
LH:4
BRF:0
BRH:0
end_of_record
TN:
SF:/Users/takeshi/Documents/Manta/server/api/ticket/index.js
FNF:0
FNH:0
DA:3,1
DA:4,1
DA:6,1
DA:8,1
DA:9,1
DA:10,1
DA:11,1
DA:12,1
DA:13,1
DA:15,1
LF:10
LH:10
BRF:0
BRH:0
end_of_record
TN:
SF:/Users/takeshi/Documents/Manta/server/api/ticket/ticket.controller.js
FN:15,handleError
FN:17,(anonymous_2)
FN:22,responseWithResult
FN:24,(anonymous_4)
FN:31,handleEntityNotFound
FN:32,(anonymous_6)
FN:41,saveUpdates
FN:42,(anonymous_8)
FN:44,(anonymous_9)
FN:50,removeEntity
FN:51,(anonymous_11)
FN:53,(anonymous_12)
FN:61,(anonymous_13)
FN:66,(anonymous_14)
FN:71,(anonymous_15)
FN:76,(anonymous_16)
FN:84,(anonymous_17)
FNF:17
FNH:0
FNDA:0,handleError
FNDA:0,(anonymous_2)
FNDA:0,responseWithResult
FNDA:0,(anonymous_4)
FNDA:0,handleEntityNotFound
FNDA:0,(anonymous_6)
FNDA:0,saveUpdates
FNDA:0,(anonymous_8)
FNDA:0,(anonymous_9)
FNDA:0,removeEntity
FNDA:0,(anonymous_11)
FNDA:0,(anonymous_12)
FNDA:0,(anonymous_13)
FNDA:0,(anonymous_14)
FNDA:0,(anonymous_15)
FNDA:0,(anonymous_16)
FNDA:0,(anonymous_17)
DA:12,1
DA:13,1
DA:15,1
DA:16,0
DA:17,0
DA:18,0
DA:22,1
DA:23,0
DA:24,0
DA:25,0
DA:26,0
DA:31,1
DA:32,0
DA:33,0
DA:34,0
DA:35,0
DA:37,0
DA:41,1
DA:42,0
DA:43,0
DA:44,0
DA:45,0
DA:50,1
DA:51,0
DA:52,0
DA:53,0
DA:54,0
DA:61,1
DA:62,0
DA:66,1
DA:67,0
DA:71,1
DA:72,0
DA:76,1
DA:77,0
DA:78,0
DA:80,0
DA:84,1
DA:85,0
LF:39
LH:12
BRDA:16,1,0,0
BRDA:16,1,1,0
BRDA:23,2,0,0
BRDA:23,2,1,0
BRDA:25,3,0,0
BRDA:25,3,1,0
BRDA:33,4,0,0
BRDA:33,4,1,0
BRDA:52,5,0,0
BRDA:52,5,1,0
BRDA:77,6,0,0
BRDA:77,6,1,0
BRF:12
BRH:0
end_of_record
TN:
SF:/Users/takeshi/Documents/Manta/server/api/ticket/ticket.model.js
FNF:0
FNH:0
DA:3,1
DA:4,1
DA:6,1
DA:12,1
LF:4
LH:4
BRF:0
BRH:0
end_of_record
